<html>
<head>
<title>TestNG:  Test</title>
<link href="../testng.css" rel="stylesheet" type="text/css" />
<link href="../my-testng.css" rel="stylesheet" type="text/css" />

<style type="text/css">
.log { display: none;} 
.stack-trace { display: none;} 
</style>
<script type="text/javascript">
<!--
function flip(e) {
  current = e.style.display;
  if (current == 'block') {
    e.style.display = 'none';
    return 0;
  }
  else {
    e.style.display = 'block';
    return 1;
  }
}

function toggleBox(szDivId, elem, msg1, msg2)
{
  var res = -1;  if (document.getElementById) {
    res = flip(document.getElementById(szDivId));
  }
  else if (document.all) {
    // this is the way old msie versions work
    res = flip(document.all[szDivId]);
  }
  if(elem) {
    if(res == 0) elem.innerHTML = msg1; else elem.innerHTML = msg2;
  }

}

function toggleAllBoxes() {
  if (document.getElementsByTagName) {
    d = document.getElementsByTagName('div');
    for (i = 0; i < d.length; i++) {
      if (d[i].className == 'log') {
        flip(d[i]);
      }
    }
  }
}

// -->
</script>

</head>
<body>
<h2 align='center'>Test</h2><table border='1' align="center">
<tr>
<td>Tests passed/Failed/Skipped:</td><td>12/2/0</td>
</tr><tr>
<td>Started on:</td><td>Thu Feb 17 17:33:33 EET 2022</td>
</tr>
<tr><td>Total time:</td><td>83 seconds (83182 ms)</td>
</tr><tr>
<td>Included groups:</td><td></td>
</tr><tr>
<td>Excluded groups:</td><td></td>
</tr>
</table><p/>
<small><i>(Hover the method name to see the test class name)</i></small><p/>
<table width='100%' border='1' class='invocation-failed'>
<tr><td colspan='4' align='center'><b>FAILED TESTS</b></td></tr>
<tr><td><b>Test method</b></td>
<td width="30%"><b>Exception</b></td>
<td width="10%"><b>Time (seconds)</b></td>
<td><b>Instance</b></td>
</tr>
<tr>
<td title='vodafonetask.createandauthenticateanewuser.createnewuser()'><b>createnewuser</b><br>Test class: vodafonetask.createandauthenticateanewuser<br>Parameters: test@test.com</td>
<td><div><pre>java.lang.AssertionError: The following asserts failed:
	You entered preregister email or test passed expected [Invalid email address.] but found [An account using this email address has already been registered. Please enter a valid password or request a new one.],
	You entered invalid email format or test passed expected [An account using this email address has already been registered. Please enter a valid password or request a new one. ] but found [An account using this email address has already been registered. Please enter a valid password or request a new one.]
	at vodafonetask.createandauthenticateanewuser.createnewuser(createandauthenticateanewuser.java:43)
	at java.base/java.util.ArrayList.forEach(ArrayList.java:1511)
... Removed 29 stack frames</pre></div><a href='#' onClick='toggleBox("stack-trace332998175", this, "Click to show all stack frames", "Click to hide stack frames")'>Click to show all stack frames</a>
<div class='stack-trace' id='stack-trace332998175'><pre>java.lang.AssertionError: The following asserts failed:
	You entered preregister email or test passed expected [Invalid email address.] but found [An account using this email address has already been registered. Please enter a valid password or request a new one.],
	You entered invalid email format or test passed expected [An account using this email address has already been registered. Please enter a valid password or request a new one. ] but found [An account using this email address has already been registered. Please enter a valid password or request a new one.]
	at org.testng.asserts.SoftAssert.assertAll(SoftAssert.java:47)
	at org.testng.asserts.SoftAssert.assertAll(SoftAssert.java:31)
	at vodafonetask.createandauthenticateanewuser.createnewuser(createandauthenticateanewuser.java:43)
	at java.base/jdk.internal.reflect.NativeMethodAccessorImpl.invoke0(Native Method)
	at java.base/jdk.internal.reflect.NativeMethodAccessorImpl.invoke(NativeMethodAccessorImpl.java:64)
	at java.base/jdk.internal.reflect.DelegatingMethodAccessorImpl.invoke(DelegatingMethodAccessorImpl.java:43)
	at java.base/java.lang.reflect.Method.invoke(Method.java:564)
	at org.testng.internal.MethodInvocationHelper.invokeMethod(MethodInvocationHelper.java:133)
	at org.testng.internal.TestInvoker.invokeMethod(TestInvoker.java:598)
	at org.testng.internal.TestInvoker.invokeTestMethod(TestInvoker.java:173)
	at org.testng.internal.MethodRunner.runInSequence(MethodRunner.java:46)
	at org.testng.internal.TestInvoker$MethodInvocationAgent.invoke(TestInvoker.java:824)
	at org.testng.internal.TestInvoker.invokeTestMethods(TestInvoker.java:146)
	at org.testng.internal.TestMethodWorker.invokeTestMethods(TestMethodWorker.java:146)
	at org.testng.internal.TestMethodWorker.run(TestMethodWorker.java:128)
	at java.base/java.util.ArrayList.forEach(ArrayList.java:1511)
	at org.testng.TestRunner.privateRun(TestRunner.java:794)
	at org.testng.TestRunner.run(TestRunner.java:596)
	at org.testng.SuiteRunner.runTest(SuiteRunner.java:377)
	at org.testng.SuiteRunner.runSequentially(SuiteRunner.java:371)
	at org.testng.SuiteRunner.privateRun(SuiteRunner.java:332)
	at org.testng.SuiteRunner.run(SuiteRunner.java:276)
	at org.testng.SuiteRunnerWorker.runSuite(SuiteRunnerWorker.java:53)
	at org.testng.SuiteRunnerWorker.run(SuiteRunnerWorker.java:96)
	at org.testng.TestNG.runSuitesSequentially(TestNG.java:1212)
	at org.testng.TestNG.runSuitesLocally(TestNG.java:1134)
	at org.testng.TestNG.runSuites(TestNG.java:1063)
	at org.testng.TestNG.run(TestNG.java:1031)
	at org.testng.remote.AbstractRemoteTestNG.run(AbstractRemoteTestNG.java:115)
	at org.testng.remote.RemoteTestNG.initAndRun(RemoteTestNG.java:251)
	at org.testng.remote.RemoteTestNG.main(RemoteTestNG.java:77)
</pre></div></td>
<td>7</td>
<td>vodafonetask.createandauthenticateanewuser@614ca7df</td></tr>
<tr>
<td title='vodafonetask.createandauthenticateanewuser.createnewuser()'><b>createnewuser</b><br>Test class: vodafonetask.createandauthenticateanewuser<br>Parameters: hadeer</td>
<td><div><pre>java.lang.AssertionError: The following asserts failed:
	You entered invalid email format or test passed expected [An account using this email address has already been registered. Please enter a valid password or request a new one. ] but found [Invalid email address.]
	at vodafonetask.createandauthenticateanewuser.createnewuser(createandauthenticateanewuser.java:43)
	at java.base/java.util.ArrayList.forEach(ArrayList.java:1511)
... Removed 29 stack frames</pre></div><a href='#' onClick='toggleBox("stack-trace79094208", this, "Click to show all stack frames", "Click to hide stack frames")'>Click to show all stack frames</a>
<div class='stack-trace' id='stack-trace79094208'><pre>java.lang.AssertionError: The following asserts failed:
	You entered invalid email format or test passed expected [An account using this email address has already been registered. Please enter a valid password or request a new one. ] but found [Invalid email address.]
	at org.testng.asserts.SoftAssert.assertAll(SoftAssert.java:47)
	at org.testng.asserts.SoftAssert.assertAll(SoftAssert.java:31)
	at vodafonetask.createandauthenticateanewuser.createnewuser(createandauthenticateanewuser.java:43)
	at java.base/jdk.internal.reflect.NativeMethodAccessorImpl.invoke0(Native Method)
	at java.base/jdk.internal.reflect.NativeMethodAccessorImpl.invoke(NativeMethodAccessorImpl.java:64)
	at java.base/jdk.internal.reflect.DelegatingMethodAccessorImpl.invoke(DelegatingMethodAccessorImpl.java:43)
	at java.base/java.lang.reflect.Method.invoke(Method.java:564)
	at org.testng.internal.MethodInvocationHelper.invokeMethod(MethodInvocationHelper.java:133)
	at org.testng.internal.TestInvoker.invokeMethod(TestInvoker.java:598)
	at org.testng.internal.TestInvoker.invokeTestMethod(TestInvoker.java:173)
	at org.testng.internal.MethodRunner.runInSequence(MethodRunner.java:46)
	at org.testng.internal.TestInvoker$MethodInvocationAgent.invoke(TestInvoker.java:824)
	at org.testng.internal.TestInvoker.invokeTestMethods(TestInvoker.java:146)
	at org.testng.internal.TestMethodWorker.invokeTestMethods(TestMethodWorker.java:146)
	at org.testng.internal.TestMethodWorker.run(TestMethodWorker.java:128)
	at java.base/java.util.ArrayList.forEach(ArrayList.java:1511)
	at org.testng.TestRunner.privateRun(TestRunner.java:794)
	at org.testng.TestRunner.run(TestRunner.java:596)
	at org.testng.SuiteRunner.runTest(SuiteRunner.java:377)
	at org.testng.SuiteRunner.runSequentially(SuiteRunner.java:371)
	at org.testng.SuiteRunner.privateRun(SuiteRunner.java:332)
	at org.testng.SuiteRunner.run(SuiteRunner.java:276)
	at org.testng.SuiteRunnerWorker.runSuite(SuiteRunnerWorker.java:53)
	at org.testng.SuiteRunnerWorker.run(SuiteRunnerWorker.java:96)
	at org.testng.TestNG.runSuitesSequentially(TestNG.java:1212)
	at org.testng.TestNG.runSuitesLocally(TestNG.java:1134)
	at org.testng.TestNG.runSuites(TestNG.java:1063)
	at org.testng.TestNG.run(TestNG.java:1031)
	at org.testng.remote.AbstractRemoteTestNG.run(AbstractRemoteTestNG.java:115)
	at org.testng.remote.RemoteTestNG.initAndRun(RemoteTestNG.java:251)
	at org.testng.remote.RemoteTestNG.main(RemoteTestNG.java:77)
</pre></div></td>
<td>7</td>
<td>vodafonetask.createandauthenticateanewuser@614ca7df</td></tr>
</table><p>
<table width='100%' border='1' class='invocation-passed'>
<tr><td colspan='4' align='center'><b>PASSED TESTS</b></td></tr>
<tr><td><b>Test method</b></td>
<td width="30%"><b>Exception</b></td>
<td width="10%"><b>Time (seconds)</b></td>
<td><b>Instance</b></td>
</tr>
<tr>
<td title='vodafonetask.createandauthenticateanewuser.createnewuser()'><b>createnewuser</b><br>Test class: vodafonetask.createandauthenticateanewuser<br>Parameters: hadeer@test5.com</td>
<td></td>
<td>6</td>
<td>vodafonetask.createandauthenticateanewuser@614ca7df</td></tr>
<tr>
<td title='vodafonetask.selectblousesandcheckout.blousesubcategory()'><b>blousesubcategory</b><br>Test class: vodafonetask.selectblousesandcheckout</td>
<td></td>
<td>4</td>
<td>vodafonetask.selectblousesandcheckout@5d7148e2</td></tr>
<tr>
<td title='vodafonetask.selectblousesandcheckout.processonshipping()'><b>processonshipping</b><br>Test class: vodafonetask.selectblousesandcheckout</td>
<td></td>
<td>3</td>
<td>vodafonetask.selectblousesandcheckout@5d7148e2</td></tr>
<tr>
<td title='vodafonetask.selectblousesandcheckout.checkoutprocrss()'><b>checkoutprocrss</b><br>Test class: vodafonetask.selectblousesandcheckout</td>
<td></td>
<td>9</td>
<td>vodafonetask.selectblousesandcheckout@5d7148e2</td></tr>
<tr>
<td title='vodafonetask.selectblousesandcheckout.processaddressfunction()'><b>processaddressfunction</b><br>Test class: vodafonetask.selectblousesandcheckout</td>
<td></td>
<td>3</td>
<td>vodafonetask.selectblousesandcheckout@5d7148e2</td></tr>
<tr>
<td title='vodafonetask.createandauthenticateanewuser.authenticatenewuser()'><b>authenticatenewuser</b><br>Test class: vodafonetask.createandauthenticateanewuser<br>Parameters: Hadeer, Hadeer, test@test.com, hadeerdody, 1, 1, 2022, Hadeer1, Hadeer1, test, test, test, 1, 123456, 21, 123456, test</td>
<td></td>
<td>7</td>
<td>vodafonetask.createandauthenticateanewuser@614ca7df</td></tr>
<tr>
<td title='vodafonetask.selectblousesandcheckout.add2cart()'><b>add2cart</b><br>Test class: vodafonetask.selectblousesandcheckout</td>
<td></td>
<td>2</td>
<td>vodafonetask.selectblousesandcheckout@5d7148e2</td></tr>
<tr>
<td title='vodafonetask.selectblousesandcheckout.validateorder()'><b>validateorder</b><br>Test class: vodafonetask.selectblousesandcheckout</td>
<td></td>
<td>4</td>
<td>vodafonetask.selectblousesandcheckout@5d7148e2</td></tr>
<tr>
<td title='vodafonetask.selectblousesandcheckout.confirmmyorder()'><b>confirmmyorder</b><br>Test class: vodafonetask.selectblousesandcheckout</td>
<td></td>
<td>3</td>
<td>vodafonetask.selectblousesandcheckout@5d7148e2</td></tr>
<tr>
<td title='vodafonetask.selectblousesandcheckout.processbybankwire()'><b>processbybankwire</b><br>Test class: vodafonetask.selectblousesandcheckout</td>
<td></td>
<td>2</td>
<td>vodafonetask.selectblousesandcheckout@5d7148e2</td></tr>
<tr>
<td title='vodafonetask.createandauthenticateanewuser.authenticatenewuser()'><b>authenticatenewuser</b><br>Test class: vodafonetask.createandauthenticateanewuser<br>Parameters: null, null, null, hadeerdody, 1, 1, 2022, Hadeer2, Hadeer3, test, test, test, 2, 12345, 21, 012345, test</td>
<td></td>
<td>3</td>
<td>vodafonetask.createandauthenticateanewuser@614ca7df</td></tr>
<tr>
<td title='vodafonetask.createandauthenticateanewuser.authenticatenewuser()'><b>authenticatenewuser</b><br>Test class: vodafonetask.createandauthenticateanewuser<br>Parameters: Hadeer, Hadeer, hadeer@test5.com, hadeerdody, 1, 1, 2022, Hadeer, Hadeer, test, test, test, 3, 12345, 21, 012345, test</td>
<td></td>
<td>15</td>
<td>vodafonetask.createandauthenticateanewuser@614ca7df</td></tr>
</table><p>
</body>
</html>