<?xml version="1.0" encoding="UTF-8"?>
<!-- Generated by org.testng.reporters.JUnitXMLReporter -->
<testsuite ignored="2" hostname="Moes-MacBook-Pro.local" failures="2" tests="14" name="Test" time="83.182" errors="0" timestamp="2022-02-17T17:35:01 EET">
  <testcase classname="vodafonetask.createandauthenticateanewuser" name="createnewuser" time="7.733">
    <failure type="java.lang.AssertionError" message="The following asserts failed:
	You entered preregister email or test passed expected [Invalid email address.] but found [An account using this email address has already been registered. Please enter a valid password or request a new one.],
	You entered invalid email format or test passed expected [An account using this email address has already been registered. Please enter a valid password or request a new one. ] but found [An account using this email address has already been registered. Please enter a valid password or request a new one.]">
      <![CDATA[java.lang.AssertionError: The following asserts failed:
You entered preregister email or test passed expected [Invalid email address.] but found [An account using this email address has already been registered. Please enter a valid password or request a new one.],
You entered invalid email format or test passed expected [An account using this email address has already been registered. Please enter a valid password or request a new one. ] but found [An account using this email address has already been registered. Please enter a valid password or request a new one.]
at vodafonetask.createandauthenticateanewuser.createnewuser(createandauthenticateanewuser.java:43)
at java.base/java.util.ArrayList.forEach(ArrayList.java:1511)
... Removed 29 stack frames]]>
    </failure>
  </testcase> <!-- createnewuser -->
  <testcase classname="vodafonetask.createandauthenticateanewuser" name="createnewuser" time="7.574">
    <failure type="java.lang.AssertionError" message="The following asserts failed:
	You entered invalid email format or test passed expected [An account using this email address has already been registered. Please enter a valid password or request a new one. ] but found [Invalid email address.]">
      <![CDATA[java.lang.AssertionError: The following asserts failed:
You entered invalid email format or test passed expected [An account using this email address has already been registered. Please enter a valid password or request a new one. ] but found [Invalid email address.]
at vodafonetask.createandauthenticateanewuser.createnewuser(createandauthenticateanewuser.java:43)
at java.base/java.util.ArrayList.forEach(ArrayList.java:1511)
... Removed 29 stack frames]]>
    </failure>
  </testcase> <!-- createnewuser -->
  <testcase classname="vodafonetask.createandauthenticateanewuser" name="createnewuser" time="6.927"/>
  <testcase classname="vodafonetask.createandauthenticateanewuser" name="authenticatenewuser" time="7.186"/>
  <testcase classname="vodafonetask.createandauthenticateanewuser" name="authenticatenewuser" time="3.987"/>
  <testcase classname="vodafonetask.createandauthenticateanewuser" name="authenticatenewuser" time="15.255"/>
  <testcase classname="vodafonetask.selectblousesandcheckout" name="blousesubcategory" time="4.552"/>
  <testcase classname="vodafonetask.selectblousesandcheckout" name="add2cart" time="2.049"/>
  <testcase classname="vodafonetask.selectblousesandcheckout" name="checkoutprocrss" time="9.849"/>
  <testcase classname="vodafonetask.selectblousesandcheckout" name="processaddressfunction" time="3.907"/>
  <testcase classname="vodafonetask.selectblousesandcheckout" name="processonshipping" time="3.557"/>
  <testcase classname="vodafonetask.selectblousesandcheckout" name="processbybankwire" time="2.107"/>
  <testcase classname="vodafonetask.selectblousesandcheckout" name="confirmmyorder" time="3.145"/>
  <testcase classname="vodafonetask.selectblousesandcheckout" name="validateorder" time="4.398"/>
  <testcase classname="vodafonetask.testbase" name="@BeforeSuite startdriver" time="0.0">
    <ignored/>
  </testcase> <!-- @BeforeSuite startdriver -->
  <testcase classname="vodafonetask.testbase" name="@AfterSuite stopdriver" time="0.0">
    <ignored/>
  </testcase> <!-- @AfterSuite stopdriver -->
</testsuite> <!-- Test -->
