<?xml version="1.0" encoding="UTF-8"?>
<testng-results ignored="2" total="16" passed="12" failed="2" skipped="0">
  <reporter-output>
  </reporter-output>
  <suite started-at="2022-02-17T17:33:33 EET" name="Vodafone Suite" finished-at="2022-02-17T17:34:56 EET" duration-ms="83182">
    <groups>
    </groups>
    <test started-at="2022-02-17T17:33:33 EET" name="Test" finished-at="2022-02-17T17:34:56 EET" duration-ms="83182">
      <class name="vodafonetask.createandauthenticateanewuser">
        <test-method is-config="true" signature="startdriver(java.lang.String)[pri:0, instance:vodafonetask.createandauthenticateanewuser@614ca7df]" started-at="2022-02-17T17:33:12 EET" name="startdriver" finished-at="2022-02-17T17:33:33 EET" duration-ms="20622" status="PASS">
          <params>
            <param index="0">
              <value>
                <![CDATA[chrome]]>
              </value>
            </param>
          </params>
          <reporter-output>
          </reporter-output>
        </test-method> <!-- startdriver -->
        <test-method signature="createnewuser(java.lang.String)[pri:0, instance:vodafonetask.createandauthenticateanewuser@614ca7df]" started-at="2022-02-17T17:33:33 EET" name="createnewuser" data-provider="createanewaccount" finished-at="2022-02-17T17:33:41 EET" duration-ms="7733" status="FAIL">
          <params>
            <param index="0">
              <value>
                <![CDATA[test@test.com]]>
              </value>
            </param>
          </params>
          <exception class="java.lang.AssertionError">
            <message>
              <![CDATA[The following asserts failed:
You entered preregister email or test passed expected [Invalid email address.] but found [An account using this email address has already been registered. Please enter a valid password or request a new one.],
You entered invalid email format or test passed expected [An account using this email address has already been registered. Please enter a valid password or request a new one. ] but found [An account using this email address has already been registered. Please enter a valid password or request a new one.]]]>
            </message>
            <full-stacktrace>
              <![CDATA[java.lang.AssertionError: The following asserts failed:
You entered preregister email or test passed expected [Invalid email address.] but found [An account using this email address has already been registered. Please enter a valid password or request a new one.],
You entered invalid email format or test passed expected [An account using this email address has already been registered. Please enter a valid password or request a new one. ] but found [An account using this email address has already been registered. Please enter a valid password or request a new one.]
at org.testng.asserts.SoftAssert.assertAll(SoftAssert.java:47)
at org.testng.asserts.SoftAssert.assertAll(SoftAssert.java:31)
at vodafonetask.createandauthenticateanewuser.createnewuser(createandauthenticateanewuser.java:43)
at java.base/jdk.internal.reflect.NativeMethodAccessorImpl.invoke0(Native Method)
at java.base/jdk.internal.reflect.NativeMethodAccessorImpl.invoke(NativeMethodAccessorImpl.java:64)
at java.base/jdk.internal.reflect.DelegatingMethodAccessorImpl.invoke(DelegatingMethodAccessorImpl.java:43)
at java.base/java.lang.reflect.Method.invoke(Method.java:564)
at org.testng.internal.MethodInvocationHelper.invokeMethod(MethodInvocationHelper.java:133)
at org.testng.internal.TestInvoker.invokeMethod(TestInvoker.java:598)
at org.testng.internal.TestInvoker.invokeTestMethod(TestInvoker.java:173)
at org.testng.internal.MethodRunner.runInSequence(MethodRunner.java:46)
at org.testng.internal.TestInvoker$MethodInvocationAgent.invoke(TestInvoker.java:824)
at org.testng.internal.TestInvoker.invokeTestMethods(TestInvoker.java:146)
at org.testng.internal.TestMethodWorker.invokeTestMethods(TestMethodWorker.java:146)
at org.testng.internal.TestMethodWorker.run(TestMethodWorker.java:128)
at java.base/java.util.ArrayList.forEach(ArrayList.java:1511)
at org.testng.TestRunner.privateRun(TestRunner.java:794)
at org.testng.TestRunner.run(TestRunner.java:596)
at org.testng.SuiteRunner.runTest(SuiteRunner.java:377)
at org.testng.SuiteRunner.runSequentially(SuiteRunner.java:371)
at org.testng.SuiteRunner.privateRun(SuiteRunner.java:332)
at org.testng.SuiteRunner.run(SuiteRunner.java:276)
at org.testng.SuiteRunnerWorker.runSuite(SuiteRunnerWorker.java:53)
at org.testng.SuiteRunnerWorker.run(SuiteRunnerWorker.java:96)
at org.testng.TestNG.runSuitesSequentially(TestNG.java:1212)
at org.testng.TestNG.runSuitesLocally(TestNG.java:1134)
at org.testng.TestNG.runSuites(TestNG.java:1063)
at org.testng.TestNG.run(TestNG.java:1031)
at org.testng.remote.AbstractRemoteTestNG.run(AbstractRemoteTestNG.java:115)
at org.testng.remote.RemoteTestNG.initAndRun(RemoteTestNG.java:251)
at org.testng.remote.RemoteTestNG.main(RemoteTestNG.java:77)
]]>
            </full-stacktrace>
          </exception> <!-- java.lang.AssertionError -->
          <reporter-output>
          </reporter-output>
        </test-method> <!-- createnewuser -->
        <test-method signature="createnewuser(java.lang.String)[pri:0, instance:vodafonetask.createandauthenticateanewuser@614ca7df]" started-at="2022-02-17T17:33:41 EET" name="createnewuser" data-provider="createanewaccount" finished-at="2022-02-17T17:33:49 EET" duration-ms="7574" status="FAIL">
          <params>
            <param index="0">
              <value>
                <![CDATA[hadeer]]>
              </value>
            </param>
          </params>
          <exception class="java.lang.AssertionError">
            <message>
              <![CDATA[The following asserts failed:
You entered invalid email format or test passed expected [An account using this email address has already been registered. Please enter a valid password or request a new one. ] but found [Invalid email address.]]]>
            </message>
            <full-stacktrace>
              <![CDATA[java.lang.AssertionError: The following asserts failed:
You entered invalid email format or test passed expected [An account using this email address has already been registered. Please enter a valid password or request a new one. ] but found [Invalid email address.]
at org.testng.asserts.SoftAssert.assertAll(SoftAssert.java:47)
at org.testng.asserts.SoftAssert.assertAll(SoftAssert.java:31)
at vodafonetask.createandauthenticateanewuser.createnewuser(createandauthenticateanewuser.java:43)
at java.base/jdk.internal.reflect.NativeMethodAccessorImpl.invoke0(Native Method)
at java.base/jdk.internal.reflect.NativeMethodAccessorImpl.invoke(NativeMethodAccessorImpl.java:64)
at java.base/jdk.internal.reflect.DelegatingMethodAccessorImpl.invoke(DelegatingMethodAccessorImpl.java:43)
at java.base/java.lang.reflect.Method.invoke(Method.java:564)
at org.testng.internal.MethodInvocationHelper.invokeMethod(MethodInvocationHelper.java:133)
at org.testng.internal.TestInvoker.invokeMethod(TestInvoker.java:598)
at org.testng.internal.TestInvoker.invokeTestMethod(TestInvoker.java:173)
at org.testng.internal.MethodRunner.runInSequence(MethodRunner.java:46)
at org.testng.internal.TestInvoker$MethodInvocationAgent.invoke(TestInvoker.java:824)
at org.testng.internal.TestInvoker.invokeTestMethods(TestInvoker.java:146)
at org.testng.internal.TestMethodWorker.invokeTestMethods(TestMethodWorker.java:146)
at org.testng.internal.TestMethodWorker.run(TestMethodWorker.java:128)
at java.base/java.util.ArrayList.forEach(ArrayList.java:1511)
at org.testng.TestRunner.privateRun(TestRunner.java:794)
at org.testng.TestRunner.run(TestRunner.java:596)
at org.testng.SuiteRunner.runTest(SuiteRunner.java:377)
at org.testng.SuiteRunner.runSequentially(SuiteRunner.java:371)
at org.testng.SuiteRunner.privateRun(SuiteRunner.java:332)
at org.testng.SuiteRunner.run(SuiteRunner.java:276)
at org.testng.SuiteRunnerWorker.runSuite(SuiteRunnerWorker.java:53)
at org.testng.SuiteRunnerWorker.run(SuiteRunnerWorker.java:96)
at org.testng.TestNG.runSuitesSequentially(TestNG.java:1212)
at org.testng.TestNG.runSuitesLocally(TestNG.java:1134)
at org.testng.TestNG.runSuites(TestNG.java:1063)
at org.testng.TestNG.run(TestNG.java:1031)
at org.testng.remote.AbstractRemoteTestNG.run(AbstractRemoteTestNG.java:115)
at org.testng.remote.RemoteTestNG.initAndRun(RemoteTestNG.java:251)
at org.testng.remote.RemoteTestNG.main(RemoteTestNG.java:77)
]]>
            </full-stacktrace>
          </exception> <!-- java.lang.AssertionError -->
          <reporter-output>
          </reporter-output>
        </test-method> <!-- createnewuser -->
        <test-method signature="createnewuser(java.lang.String)[pri:0, instance:vodafonetask.createandauthenticateanewuser@614ca7df]" started-at="2022-02-17T17:33:49 EET" name="createnewuser" data-provider="createanewaccount" finished-at="2022-02-17T17:33:55 EET" duration-ms="6927" status="PASS">
          <params>
            <param index="0">
              <value>
                <![CDATA[hadeer@test5.com]]>
              </value>
            </param>
          </params>
          <reporter-output>
          </reporter-output>
        </test-method> <!-- createnewuser -->
        <test-method signature="authenticatenewuser(java.lang.String,java.lang.String,java.lang.String,java.lang.String,java.lang.String,java.lang.String,java.lang.String,java.lang.String,java.lang.String,java.lang.String,java.lang.String,java.lang.String,java.lang.String,java.lang.String,java.lang.String,java.lang.String,java.lang.String)[pri:1, instance:vodafonetask.createandauthenticateanewuser@614ca7df]" started-at="2022-02-17T17:33:56 EET" name="authenticatenewuser" data-provider="authenticate new user" finished-at="2022-02-17T17:34:03 EET" duration-ms="7186" status="PASS">
          <params>
            <param index="0">
              <value>
                <![CDATA[Hadeer]]>
              </value>
            </param>
            <param index="1">
              <value>
                <![CDATA[Hadeer]]>
              </value>
            </param>
            <param index="2">
              <value>
                <![CDATA[test@test.com]]>
              </value>
            </param>
            <param index="3">
              <value>
                <![CDATA[hadeerdody]]>
              </value>
            </param>
            <param index="4">
              <value>
                <![CDATA[1]]>
              </value>
            </param>
            <param index="5">
              <value>
                <![CDATA[1]]>
              </value>
            </param>
            <param index="6">
              <value>
                <![CDATA[2022]]>
              </value>
            </param>
            <param index="7">
              <value>
                <![CDATA[Hadeer1]]>
              </value>
            </param>
            <param index="8">
              <value>
                <![CDATA[Hadeer1]]>
              </value>
            </param>
            <param index="9">
              <value>
                <![CDATA[test]]>
              </value>
            </param>
            <param index="10">
              <value>
                <![CDATA[test]]>
              </value>
            </param>
            <param index="11">
              <value>
                <![CDATA[test]]>
              </value>
            </param>
            <param index="12">
              <value>
                <![CDATA[1]]>
              </value>
            </param>
            <param index="13">
              <value>
                <![CDATA[123456]]>
              </value>
            </param>
            <param index="14">
              <value>
                <![CDATA[21]]>
              </value>
            </param>
            <param index="15">
              <value>
                <![CDATA[123456]]>
              </value>
            </param>
            <param index="16">
              <value>
                <![CDATA[test]]>
              </value>
            </param>
          </params>
          <reporter-output>
          </reporter-output>
        </test-method> <!-- authenticatenewuser -->
        <test-method signature="authenticatenewuser(java.lang.String,java.lang.String,java.lang.String,java.lang.String,java.lang.String,java.lang.String,java.lang.String,java.lang.String,java.lang.String,java.lang.String,java.lang.String,java.lang.String,java.lang.String,java.lang.String,java.lang.String,java.lang.String,java.lang.String)[pri:1, instance:vodafonetask.createandauthenticateanewuser@614ca7df]" started-at="2022-02-17T17:34:03 EET" name="authenticatenewuser" data-provider="authenticate new user" finished-at="2022-02-17T17:34:07 EET" duration-ms="3987" status="PASS">
          <params>
            <param index="0">
              <value>
                <![CDATA[null]]>
              </value>
            </param>
            <param index="1">
              <value>
                <![CDATA[null]]>
              </value>
            </param>
            <param index="2">
              <value>
                <![CDATA[null]]>
              </value>
            </param>
            <param index="3">
              <value>
                <![CDATA[hadeerdody]]>
              </value>
            </param>
            <param index="4">
              <value>
                <![CDATA[1]]>
              </value>
            </param>
            <param index="5">
              <value>
                <![CDATA[1]]>
              </value>
            </param>
            <param index="6">
              <value>
                <![CDATA[2022]]>
              </value>
            </param>
            <param index="7">
              <value>
                <![CDATA[Hadeer2]]>
              </value>
            </param>
            <param index="8">
              <value>
                <![CDATA[Hadeer3]]>
              </value>
            </param>
            <param index="9">
              <value>
                <![CDATA[test]]>
              </value>
            </param>
            <param index="10">
              <value>
                <![CDATA[test]]>
              </value>
            </param>
            <param index="11">
              <value>
                <![CDATA[test]]>
              </value>
            </param>
            <param index="12">
              <value>
                <![CDATA[2]]>
              </value>
            </param>
            <param index="13">
              <value>
                <![CDATA[12345]]>
              </value>
            </param>
            <param index="14">
              <value>
                <![CDATA[21]]>
              </value>
            </param>
            <param index="15">
              <value>
                <![CDATA[012345]]>
              </value>
            </param>
            <param index="16">
              <value>
                <![CDATA[test]]>
              </value>
            </param>
          </params>
          <reporter-output>
          </reporter-output>
        </test-method> <!-- authenticatenewuser -->
        <test-method signature="authenticatenewuser(java.lang.String,java.lang.String,java.lang.String,java.lang.String,java.lang.String,java.lang.String,java.lang.String,java.lang.String,java.lang.String,java.lang.String,java.lang.String,java.lang.String,java.lang.String,java.lang.String,java.lang.String,java.lang.String,java.lang.String)[pri:1, instance:vodafonetask.createandauthenticateanewuser@614ca7df]" started-at="2022-02-17T17:34:07 EET" name="authenticatenewuser" data-provider="authenticate new user" finished-at="2022-02-17T17:34:22 EET" duration-ms="15255" status="PASS">
          <params>
            <param index="0">
              <value>
                <![CDATA[Hadeer]]>
              </value>
            </param>
            <param index="1">
              <value>
                <![CDATA[Hadeer]]>
              </value>
            </param>
            <param index="2">
              <value>
                <![CDATA[hadeer@test5.com]]>
              </value>
            </param>
            <param index="3">
              <value>
                <![CDATA[hadeerdody]]>
              </value>
            </param>
            <param index="4">
              <value>
                <![CDATA[1]]>
              </value>
            </param>
            <param index="5">
              <value>
                <![CDATA[1]]>
              </value>
            </param>
            <param index="6">
              <value>
                <![CDATA[2022]]>
              </value>
            </param>
            <param index="7">
              <value>
                <![CDATA[Hadeer]]>
              </value>
            </param>
            <param index="8">
              <value>
                <![CDATA[Hadeer]]>
              </value>
            </param>
            <param index="9">
              <value>
                <![CDATA[test]]>
              </value>
            </param>
            <param index="10">
              <value>
                <![CDATA[test]]>
              </value>
            </param>
            <param index="11">
              <value>
                <![CDATA[test]]>
              </value>
            </param>
            <param index="12">
              <value>
                <![CDATA[3]]>
              </value>
            </param>
            <param index="13">
              <value>
                <![CDATA[12345]]>
              </value>
            </param>
            <param index="14">
              <value>
                <![CDATA[21]]>
              </value>
            </param>
            <param index="15">
              <value>
                <![CDATA[012345]]>
              </value>
            </param>
            <param index="16">
              <value>
                <![CDATA[test]]>
              </value>
            </param>
          </params>
          <reporter-output>
          </reporter-output>
        </test-method> <!-- authenticatenewuser -->
        <test-method is-config="true" signature="stopdriver()[pri:0, instance:vodafonetask.createandauthenticateanewuser@614ca7df]" started-at="2022-02-17T17:35:01 EET" name="stopdriver" finished-at="2022-02-17T17:35:01 EET" duration-ms="3" status="PASS">
          <reporter-output>
          </reporter-output>
        </test-method> <!-- stopdriver -->
      </class> <!-- vodafonetask.createandauthenticateanewuser -->
      <class name="vodafonetask.selectblousesandcheckout">
        <test-method signature="blousesubcategory()[pri:2, instance:vodafonetask.selectblousesandcheckout@5d7148e2]" started-at="2022-02-17T17:34:22 EET" name="blousesubcategory" finished-at="2022-02-17T17:34:27 EET" duration-ms="4552" status="PASS">
          <reporter-output>
          </reporter-output>
        </test-method> <!-- blousesubcategory -->
        <test-method signature="add2cart()[pri:3, instance:vodafonetask.selectblousesandcheckout@5d7148e2]" started-at="2022-02-17T17:34:27 EET" name="add2cart" finished-at="2022-02-17T17:34:29 EET" duration-ms="2049" status="PASS">
          <reporter-output>
          </reporter-output>
        </test-method> <!-- add2cart -->
        <test-method signature="checkoutprocrss()[pri:4, instance:vodafonetask.selectblousesandcheckout@5d7148e2]" started-at="2022-02-17T17:34:29 EET" name="checkoutprocrss" finished-at="2022-02-17T17:34:39 EET" duration-ms="9849" status="PASS">
          <reporter-output>
          </reporter-output>
        </test-method> <!-- checkoutprocrss -->
        <test-method signature="processaddressfunction()[pri:5, instance:vodafonetask.selectblousesandcheckout@5d7148e2]" started-at="2022-02-17T17:34:39 EET" name="processaddressfunction" finished-at="2022-02-17T17:34:42 EET" duration-ms="3907" status="PASS">
          <reporter-output>
          </reporter-output>
        </test-method> <!-- processaddressfunction -->
        <test-method signature="processonshipping()[pri:6, instance:vodafonetask.selectblousesandcheckout@5d7148e2]" started-at="2022-02-17T17:34:42 EET" name="processonshipping" finished-at="2022-02-17T17:34:46 EET" duration-ms="3557" status="PASS">
          <reporter-output>
          </reporter-output>
        </test-method> <!-- processonshipping -->
        <test-method signature="processbybankwire()[pri:7, instance:vodafonetask.selectblousesandcheckout@5d7148e2]" started-at="2022-02-17T17:34:46 EET" name="processbybankwire" finished-at="2022-02-17T17:34:48 EET" duration-ms="2107" status="PASS">
          <reporter-output>
          </reporter-output>
        </test-method> <!-- processbybankwire -->
        <test-method signature="confirmmyorder()[pri:8, instance:vodafonetask.selectblousesandcheckout@5d7148e2]" started-at="2022-02-17T17:34:48 EET" name="confirmmyorder" finished-at="2022-02-17T17:34:51 EET" duration-ms="3145" status="PASS">
          <reporter-output>
          </reporter-output>
        </test-method> <!-- confirmmyorder -->
        <test-method signature="validateorder()[pri:9, instance:vodafonetask.selectblousesandcheckout@5d7148e2]" started-at="2022-02-17T17:34:51 EET" name="validateorder" finished-at="2022-02-17T17:34:56 EET" duration-ms="4398" status="PASS">
          <reporter-output>
          </reporter-output>
        </test-method> <!-- validateorder -->
      </class> <!-- vodafonetask.selectblousesandcheckout -->
    </test> <!-- Test -->
  </suite> <!-- Vodafone Suite -->
</testng-results>
